2025-11-27 11:12:26 [main] INFO  c.c.c.CloudpilotWorkerApplication - Starting CloudpilotWorkerApplication using Java 17.0.13 with PID 87035 (/Users/kimdongmin/Desktop/Git/cloudpilot-worker/build/classes/java/main started by kimdongmin in /Users/kimdongmin/Desktop/Git/cloudpilot-worker)
2025-11-27 11:12:26 [main] DEBUG c.c.c.CloudpilotWorkerApplication - Running with Spring Boot v3.5.7, Spring v6.2.12
2025-11-27 11:12:26 [main] INFO  c.c.c.CloudpilotWorkerApplication - No active profile set, falling back to 1 default profile: "default"
2025-11-27 11:12:27 [main] INFO  o.s.b.w.e.tomcat.TomcatWebServer - Tomcat initialized with port 8081 (http)
2025-11-27 11:12:27 [main] INFO  o.a.catalina.core.StandardService - Starting service [Tomcat]
2025-11-27 11:12:27 [main] INFO  o.a.catalina.core.StandardEngine - Starting Servlet engine: [Apache Tomcat/10.1.48]
2025-11-27 11:12:27 [main] INFO  o.a.c.c.C.[Tomcat].[localhost].[/] - Initializing Spring embedded WebApplicationContext
2025-11-27 11:12:27 [main] INFO  o.s.b.w.s.c.ServletWebServerApplicationContext - Root WebApplicationContext: initialization completed in 456 ms
2025-11-27 11:12:27 [main] WARN  o.s.b.w.s.c.AnnotationConfigServletWebServerApplicationContext - Exception encountered during context initialization - cancelling refresh attempt: org.springframework.boot.context.properties.ConfigurationPropertiesBindException: Error creating bean with name 'providerCredentials': Could not bind properties to 'ProviderCredentials' : prefix=provider.vsphere, ignoreInvalidFields=false, ignoreUnknownFields=true
2025-11-27 11:12:27 [main] INFO  o.a.catalina.core.StandardService - Stopping service [Tomcat]
2025-11-27 11:12:27 [main] INFO  o.s.b.a.l.ConditionEvaluationReportLogger - 

Error starting ApplicationContext. To display the condition evaluation report re-run your application with 'debug' enabled.
2025-11-27 11:12:27 [main] ERROR o.s.b.d.LoggingFailureAnalysisReporter - 

***************************
APPLICATION FAILED TO START
***************************

Description:

Failed to bind properties under 'provider.vsphere.allow-unverified-ssl' to boolean:

    Property: provider.vsphere.allow-unverified-ssl
    Value: "${VSPHERE_ALLOW_UNVERIFIED_SSL}"
    Origin: class path resource [application.properties] - 59:39
    Reason: failed to convert java.lang.String to boolean (caused by java.lang.IllegalArgumentException: Invalid boolean value '${VSPHERE_ALLOW_UNVERIFIED_SSL}')

Action:

Update your application's configuration

